android/app/build/intermediates/manifest_merge_blame_file/release/processReleaseMainManifest/manifest-merger-blame-release-report.txt
1<?xml version="1.0" encoding="utf-8"?>
2<manifest xmlns:android="http://schemas.android.com/apk/res/android"
3    package="com.example.cy_app_"
4    android:versionCode="1001"
5    android:versionName="1.0.0" >
6
7    <uses-sdk
8        android:minSdkVersion="23"
9        android:targetSdkVersion="34" />
10    <!-- 📌 Kamera, Mikrofon ve İnternet izinleri eklendi -->
11    <uses-permission android:name="android.permission.CAMERA" />
11-->src\main\AndroidManifest.xml:3:5-64
11-->src\main\AndroidManifest.xml:3:22-62
12    <uses-permission android:name="android.permission.RECORD_AUDIO" />
12-->src\main\AndroidManifest.xml:4:5-70
12-->src\main\AndroidManifest.xml:4:22-68
13    <uses-permission android:name="android.permission.INTERNET" />
13-->src\main\AndroidManifest.xml:5:5-66
13-->src\main\AndroidManifest.xml:5:22-64
14    <uses-permission android:name="android.permission.MODIFY_AUDIO_SETTINGS" />
14-->src\main\AndroidManifest.xml:6:5-79
14-->src\main\AndroidManifest.xml:6:22-77
15    <uses-permission android:name="android.permission.ACCESS_NETWORK_STATE" />
15-->src\main\AndroidManifest.xml:7:5-78
15-->src\main\AndroidManifest.xml:7:22-76
16    <uses-permission android:name="android.permission.INTERNET" />
16-->src\main\AndroidManifest.xml:5:5-66
16-->src\main\AndroidManifest.xml:5:22-64
17
18    <!-- 📌 WebRTC kullanımı için gerekli donanım izinleri -->
19    <uses-feature
19-->src\main\AndroidManifest.xml:11:5-83
20        android:name="android.hardware.camera"
20-->src\main\AndroidManifest.xml:11:19-57
21        android:required="true" />
21-->src\main\AndroidManifest.xml:11:58-81
22    <uses-feature
22-->src\main\AndroidManifest.xml:12:5-87
23        android:name="android.hardware.microphone"
23-->src\main\AndroidManifest.xml:12:19-61
24        android:required="true" />
24-->src\main\AndroidManifest.xml:12:62-85
25
26    <!-- 📌 Uygulamanın metin işleme yeteneğini kullanabilmesi için -->
27    <queries>
27-->src\main\AndroidManifest.xml:47:5-52:15
28        <intent>
28-->src\main\AndroidManifest.xml:48:9-51:18
29            <action android:name="android.intent.action.PROCESS_TEXT" />
29-->src\main\AndroidManifest.xml:49:13-72
29-->src\main\AndroidManifest.xml:49:21-70
30
31            <data android:mimeType="text/plain" />
31-->src\main\AndroidManifest.xml:50:13-50
31-->src\main\AndroidManifest.xml:50:19-48
32        </intent>
33
34        <package android:name="com.facebook.katana" />
34-->[com.facebook.android:facebook-common:17.0.1] AndroidManifest.xml:18:9-55
34-->[com.facebook.android:facebook-common:17.0.1] AndroidManifest.xml:18:18-52
35    </queries>
36
37    <uses-permission
37-->[com.github.davidliu:audioswitch:89582c47c9a04c62f90aa5e57251af4800a62c9a] AndroidManifest.xml:9:5-11:38
38        android:name="android.permission.BLUETOOTH"
38-->[com.github.davidliu:audioswitch:89582c47c9a04c62f90aa5e57251af4800a62c9a] AndroidManifest.xml:10:9-52
39        android:maxSdkVersion="30" />
39-->[com.github.davidliu:audioswitch:89582c47c9a04c62f90aa5e57251af4800a62c9a] AndroidManifest.xml:11:9-35
40    <uses-permission android:name="com.google.android.providers.gsf.permission.READ_GSERVICES" />
40-->[com.google.android.recaptcha:recaptcha:18.6.1] AndroidManifest.xml:9:5-98
40-->[com.google.android.recaptcha:recaptcha:18.6.1] AndroidManifest.xml:9:22-95
41    <uses-permission android:name="com.google.android.gms.permission.AD_ID" />
41-->[com.facebook.android:facebook-core:17.0.1] AndroidManifest.xml:16:5-79
41-->[com.facebook.android:facebook-core:17.0.1] AndroidManifest.xml:16:22-76
42
43    <permission
43-->[androidx.core:core:1.13.1] AndroidManifest.xml:22:5-24:47
44        android:name="com.example.cy_app_.DYNAMIC_RECEIVER_NOT_EXPORTED_PERMISSION"
44-->[androidx.core:core:1.13.1] AndroidManifest.xml:23:9-81
45        android:protectionLevel="signature" />
45-->[androidx.core:core:1.13.1] AndroidManifest.xml:24:9-44
46
47    <uses-permission android:name="com.example.cy_app_.DYNAMIC_RECEIVER_NOT_EXPORTED_PERMISSION" />
47-->[androidx.core:core:1.13.1] AndroidManifest.xml:26:5-97
47-->[androidx.core:core:1.13.1] AndroidManifest.xml:26:22-94
48    <uses-permission android:name="com.google.android.finsky.permission.BIND_GET_INSTALL_REFERRER_SERVICE" />
48-->[com.android.installreferrer:installreferrer:1.0] AndroidManifest.xml:9:5-110
48-->[com.android.installreferrer:installreferrer:1.0] AndroidManifest.xml:9:22-107
49
50    <application
51        android:name="android.app.Application"
51-->src\main\AndroidManifest.xml:16:9-42
52        android:appComponentFactory="androidx.core.app.CoreComponentFactory"
52-->[androidx.core:core:1.13.1] AndroidManifest.xml:28:18-86
53        android:extractNativeLibs="false"
54        android:icon="@mipmap/ic_launcher"
54-->src\main\AndroidManifest.xml:17:9-43
55        android:label="cy_app_"
55-->src\main\AndroidManifest.xml:15:9-32
56        android:supportsRtl="true" >
56-->[com.facebook.android:facebook-login:17.0.1] AndroidManifest.xml:16:18-44
57        <activity
57-->src\main\AndroidManifest.xml:19:9-38:20
58            android:name="com.example.cy_app_.MainActivity"
58-->src\main\AndroidManifest.xml:20:13-41
59            android:configChanges="orientation|keyboardHidden|keyboard|screenSize|smallestScreenSize|locale|layoutDirection|fontScale|screenLayout|density|uiMode"
59-->src\main\AndroidManifest.xml:25:13-163
60            android:exported="true"
60-->src\main\AndroidManifest.xml:21:13-36
61            android:hardwareAccelerated="true"
61-->src\main\AndroidManifest.xml:26:13-47
62            android:launchMode="singleTop"
62-->src\main\AndroidManifest.xml:22:13-43
63            android:taskAffinity=""
63-->src\main\AndroidManifest.xml:23:13-36
64            android:theme="@style/LaunchTheme"
64-->src\main\AndroidManifest.xml:24:13-47
65            android:windowSoftInputMode="adjustResize" >
65-->src\main\AndroidManifest.xml:27:13-55
66            <meta-data
66-->src\main\AndroidManifest.xml:29:13-32:15
67                android:name="io.flutter.embedding.android.NormalTheme"
67-->src\main\AndroidManifest.xml:30:15-70
68                android:resource="@style/NormalTheme" />
68-->src\main\AndroidManifest.xml:31:15-52
69
70            <intent-filter>
70-->src\main\AndroidManifest.xml:34:13-37:29
71                <action android:name="android.intent.action.MAIN" />
71-->src\main\AndroidManifest.xml:35:17-68
71-->src\main\AndroidManifest.xml:35:25-66
72
73                <category android:name="android.intent.category.LAUNCHER" />
73-->src\main\AndroidManifest.xml:36:17-76
73-->src\main\AndroidManifest.xml:36:27-74
74            </intent-filter>
75        </activity>
76
77        <!-- Flutter ile ilgili meta-data -->
78        <meta-data
78-->src\main\AndroidManifest.xml:41:9-43:33
79            android:name="flutterEmbedding"
79-->src\main\AndroidManifest.xml:42:13-44
80            android:value="2" />
80-->src\main\AndroidManifest.xml:43:13-30
81
82        <service
82-->[:firebase_auth] AndroidManifest.xml:8:9-12:19
83            android:name="com.google.firebase.components.ComponentDiscoveryService"
83-->[:firebase_auth] AndroidManifest.xml:8:18-89
84            android:directBootAware="true"
84-->[com.google.firebase:firebase-common:21.0.0] AndroidManifest.xml:32:13-43
85            android:exported="false" >
85-->[com.google.firebase:firebase-auth:23.2.0] AndroidManifest.xml:68:13-37
86            <meta-data
86-->[:firebase_auth] AndroidManifest.xml:9:13-11:85
87                android:name="com.google.firebase.components:io.flutter.plugins.firebase.auth.FlutterFirebaseAuthRegistrar"
87-->[:firebase_auth] AndroidManifest.xml:10:17-124
88                android:value="com.google.firebase.components.ComponentRegistrar" />
88-->[:firebase_auth] AndroidManifest.xml:11:17-82
89            <meta-data
89-->[:cloud_firestore] AndroidManifest.xml:9:13-11:85
90                android:name="com.google.firebase.components:io.flutter.plugins.firebase.firestore.FlutterFirebaseFirestoreRegistrar"
90-->[:cloud_firestore] AndroidManifest.xml:10:17-134
91                android:value="com.google.firebase.components.ComponentRegistrar" />
91-->[:cloud_firestore] AndroidManifest.xml:11:17-82
92            <meta-data
92-->[:firebase_core] AndroidManifest.xml:9:13-11:85
93                android:name="com.google.firebase.components:io.flutter.plugins.firebase.core.FlutterFirebaseCoreRegistrar"
93-->[:firebase_core] AndroidManifest.xml:10:17-124
94                android:value="com.google.firebase.components.ComponentRegistrar" />
94-->[:firebase_core] AndroidManifest.xml:11:17-82
95            <meta-data
95-->[com.google.firebase:firebase-auth:23.2.0] AndroidManifest.xml:69:13-71:85
96                android:name="com.google.firebase.components:com.google.firebase.auth.FirebaseAuthRegistrar"
96-->[com.google.firebase:firebase-auth:23.2.0] AndroidManifest.xml:70:17-109
97                android:value="com.google.firebase.components.ComponentRegistrar" />
97-->[com.google.firebase:firebase-auth:23.2.0] AndroidManifest.xml:71:17-82
98            <meta-data
98-->[com.google.firebase:firebase-firestore:25.1.2] AndroidManifest.xml:17:13-19:85
99                android:name="com.google.firebase.components:com.google.firebase.firestore.FirebaseFirestoreKtxRegistrar"
99-->[com.google.firebase:firebase-firestore:25.1.2] AndroidManifest.xml:18:17-122
100                android:value="com.google.firebase.components.ComponentRegistrar" />
100-->[com.google.firebase:firebase-firestore:25.1.2] AndroidManifest.xml:19:17-82
101            <meta-data
101-->[com.google.firebase:firebase-firestore:25.1.2] AndroidManifest.xml:20:13-22:85
102                android:name="com.google.firebase.components:com.google.firebase.firestore.FirestoreRegistrar"
102-->[com.google.firebase:firebase-firestore:25.1.2] AndroidManifest.xml:21:17-111
103                android:value="com.google.firebase.components.ComponentRegistrar" />
103-->[com.google.firebase:firebase-firestore:25.1.2] AndroidManifest.xml:22:17-82
104            <meta-data
104-->[com.google.firebase:firebase-common-ktx:21.0.0] AndroidManifest.xml:12:13-14:85
105                android:name="com.google.firebase.components:com.google.firebase.ktx.FirebaseCommonLegacyRegistrar"
105-->[com.google.firebase:firebase-common-ktx:21.0.0] AndroidManifest.xml:13:17-116
106                android:value="com.google.firebase.components.ComponentRegistrar" />
106-->[com.google.firebase:firebase-common-ktx:21.0.0] AndroidManifest.xml:14:17-82
107            <meta-data
107-->[com.google.firebase:firebase-common:21.0.0] AndroidManifest.xml:35:13-37:85
108                android:name="com.google.firebase.components:com.google.firebase.FirebaseCommonKtxRegistrar"
108-->[com.google.firebase:firebase-common:21.0.0] AndroidManifest.xml:36:17-109
109                android:value="com.google.firebase.components.ComponentRegistrar" />
109-->[com.google.firebase:firebase-common:21.0.0] AndroidManifest.xml:37:17-82
110        </service>
111
112        <activity
112-->[com.google.firebase:firebase-auth:23.2.0] AndroidManifest.xml:29:9-46:20
113            android:name="com.google.firebase.auth.internal.GenericIdpActivity"
113-->[com.google.firebase:firebase-auth:23.2.0] AndroidManifest.xml:30:13-80
114            android:excludeFromRecents="true"
114-->[com.google.firebase:firebase-auth:23.2.0] AndroidManifest.xml:31:13-46
115            android:exported="true"
115-->[com.google.firebase:firebase-auth:23.2.0] AndroidManifest.xml:32:13-36
116            android:launchMode="singleTask"
116-->[com.google.firebase:firebase-auth:23.2.0] AndroidManifest.xml:33:13-44
117            android:theme="@android:style/Theme.Translucent.NoTitleBar" >
117-->[com.google.firebase:firebase-auth:23.2.0] AndroidManifest.xml:34:13-72
118            <intent-filter>
118-->[com.google.firebase:firebase-auth:23.2.0] AndroidManifest.xml:35:13-45:29
119                <action android:name="android.intent.action.VIEW" />
119-->[com.google.firebase:firebase-auth:23.2.0] AndroidManifest.xml:36:17-69
119-->[com.google.firebase:firebase-auth:23.2.0] AndroidManifest.xml:36:25-66
120
121                <category android:name="android.intent.category.DEFAULT" />
121-->[com.google.firebase:firebase-auth:23.2.0] AndroidManifest.xml:38:17-76
121-->[com.google.firebase:firebase-auth:23.2.0] AndroidManifest.xml:38:27-73
122                <category android:name="android.intent.category.BROWSABLE" />
122-->[com.google.firebase:firebase-auth:23.2.0] AndroidManifest.xml:39:17-78
122-->[com.google.firebase:firebase-auth:23.2.0] AndroidManifest.xml:39:27-75
123
124                <data
124-->src\main\AndroidManifest.xml:50:13-50
125                    android:host="firebase.auth"
126                    android:path="/"
127                    android:scheme="genericidp" />
128            </intent-filter>
129        </activity>
130        <activity
130-->[com.google.firebase:firebase-auth:23.2.0] AndroidManifest.xml:47:9-64:20
131            android:name="com.google.firebase.auth.internal.RecaptchaActivity"
131-->[com.google.firebase:firebase-auth:23.2.0] AndroidManifest.xml:48:13-79
132            android:excludeFromRecents="true"
132-->[com.google.firebase:firebase-auth:23.2.0] AndroidManifest.xml:49:13-46
133            android:exported="true"
133-->[com.google.firebase:firebase-auth:23.2.0] AndroidManifest.xml:50:13-36
134            android:launchMode="singleTask"
134-->[com.google.firebase:firebase-auth:23.2.0] AndroidManifest.xml:51:13-44
135            android:theme="@android:style/Theme.Translucent.NoTitleBar" >
135-->[com.google.firebase:firebase-auth:23.2.0] AndroidManifest.xml:52:13-72
136            <intent-filter>
136-->[com.google.firebase:firebase-auth:23.2.0] AndroidManifest.xml:53:13-63:29
137                <action android:name="android.intent.action.VIEW" />
137-->[com.google.firebase:firebase-auth:23.2.0] AndroidManifest.xml:36:17-69
137-->[com.google.firebase:firebase-auth:23.2.0] AndroidManifest.xml:36:25-66
138
139                <category android:name="android.intent.category.DEFAULT" />
139-->[com.google.firebase:firebase-auth:23.2.0] AndroidManifest.xml:38:17-76
139-->[com.google.firebase:firebase-auth:23.2.0] AndroidManifest.xml:38:27-73
140                <category android:name="android.intent.category.BROWSABLE" />
140-->[com.google.firebase:firebase-auth:23.2.0] AndroidManifest.xml:39:17-78
140-->[com.google.firebase:firebase-auth:23.2.0] AndroidManifest.xml:39:27-75
141
142                <data
142-->src\main\AndroidManifest.xml:50:13-50
143                    android:host="firebase.auth"
144                    android:path="/"
145                    android:scheme="recaptcha" />
146            </intent-filter>
147        </activity>
148
149        <service
149-->[androidx.credentials:credentials-play-services-auth:1.2.0-rc01] AndroidManifest.xml:24:9-32:19
150            android:name="androidx.credentials.playservices.CredentialProviderMetadataHolder"
150-->[androidx.credentials:credentials-play-services-auth:1.2.0-rc01] AndroidManifest.xml:25:13-94
151            android:enabled="true"
151-->[androidx.credentials:credentials-play-services-auth:1.2.0-rc01] AndroidManifest.xml:26:13-35
152            android:exported="false" >
152-->[androidx.credentials:credentials-play-services-auth:1.2.0-rc01] AndroidManifest.xml:27:13-37
153            <meta-data
153-->[androidx.credentials:credentials-play-services-auth:1.2.0-rc01] AndroidManifest.xml:29:13-31:104
154                android:name="androidx.credentials.CREDENTIAL_PROVIDER_KEY"
154-->[androidx.credentials:credentials-play-services-auth:1.2.0-rc01] AndroidManifest.xml:30:17-76
155                android:value="androidx.credentials.playservices.CredentialProviderPlayServicesImpl" />
155-->[androidx.credentials:credentials-play-services-auth:1.2.0-rc01] AndroidManifest.xml:31:17-101
156        </service>
157
158        <activity
158-->[androidx.credentials:credentials-play-services-auth:1.2.0-rc01] AndroidManifest.xml:34:9-41:20
159            android:name="androidx.credentials.playservices.HiddenActivity"
159-->[androidx.credentials:credentials-play-services-auth:1.2.0-rc01] AndroidManifest.xml:35:13-76
160            android:configChanges="orientation|screenSize|screenLayout|keyboardHidden"
160-->[androidx.credentials:credentials-play-services-auth:1.2.0-rc01] AndroidManifest.xml:36:13-87
161            android:enabled="true"
161-->[androidx.credentials:credentials-play-services-auth:1.2.0-rc01] AndroidManifest.xml:37:13-35
162            android:exported="false"
162-->[androidx.credentials:credentials-play-services-auth:1.2.0-rc01] AndroidManifest.xml:38:13-37
163            android:fitsSystemWindows="true"
163-->[androidx.credentials:credentials-play-services-auth:1.2.0-rc01] AndroidManifest.xml:39:13-45
164            android:theme="@style/Theme.Hidden" >
164-->[androidx.credentials:credentials-play-services-auth:1.2.0-rc01] AndroidManifest.xml:40:13-48
165        </activity>
166        <activity
166-->[:url_launcher_android] AndroidManifest.xml:8:9-11:74
167            android:name="io.flutter.plugins.urllauncher.WebViewActivity"
167-->[:url_launcher_android] AndroidManifest.xml:9:13-74
168            android:exported="false"
168-->[:url_launcher_android] AndroidManifest.xml:10:13-37
169            android:theme="@android:style/Theme.NoTitleBar.Fullscreen" />
169-->[:url_launcher_android] AndroidManifest.xml:11:13-71
170        <activity
170-->[com.facebook.android:facebook-common:17.0.1] AndroidManifest.xml:22:9-25:66
171            android:name="com.facebook.FacebookActivity"
171-->[com.facebook.android:facebook-common:17.0.1] AndroidManifest.xml:23:13-57
172            android:configChanges="keyboard|keyboardHidden|screenLayout|screenSize|orientation"
172-->[com.facebook.android:facebook-common:17.0.1] AndroidManifest.xml:24:13-96
173            android:theme="@style/com_facebook_activity_theme" />
173-->[com.facebook.android:facebook-common:17.0.1] AndroidManifest.xml:25:13-63
174        <activity android:name="com.facebook.CustomTabMainActivity" />
174-->[com.facebook.android:facebook-common:17.0.1] AndroidManifest.xml:26:9-71
174-->[com.facebook.android:facebook-common:17.0.1] AndroidManifest.xml:26:19-68
175        <activity
175-->[com.facebook.android:facebook-common:17.0.1] AndroidManifest.xml:27:9-41:20
176            android:name="com.facebook.CustomTabActivity"
176-->[com.facebook.android:facebook-common:17.0.1] AndroidManifest.xml:28:13-58
177            android:exported="true" >
177-->[com.facebook.android:facebook-common:17.0.1] AndroidManifest.xml:29:13-36
178            <intent-filter>
178-->[com.facebook.android:facebook-common:17.0.1] AndroidManifest.xml:31:13-40:29
179                <action android:name="android.intent.action.VIEW" />
179-->[com.google.firebase:firebase-auth:23.2.0] AndroidManifest.xml:36:17-69
179-->[com.google.firebase:firebase-auth:23.2.0] AndroidManifest.xml:36:25-66
180
181                <category android:name="android.intent.category.DEFAULT" />
181-->[com.google.firebase:firebase-auth:23.2.0] AndroidManifest.xml:38:17-76
181-->[com.google.firebase:firebase-auth:23.2.0] AndroidManifest.xml:38:27-73
182                <category android:name="android.intent.category.BROWSABLE" />
182-->[com.google.firebase:firebase-auth:23.2.0] AndroidManifest.xml:39:17-78
182-->[com.google.firebase:firebase-auth:23.2.0] AndroidManifest.xml:39:27-75
183
184                <data
184-->src\main\AndroidManifest.xml:50:13-50
185                    android:host="cct.com.example.cy_app_"
186                    android:scheme="fbconnect" />
187            </intent-filter>
188        </activity>
189
190        <uses-library
190-->[androidx.window:window:1.2.0] AndroidManifest.xml:23:9-25:40
191            android:name="androidx.window.extensions"
191-->[androidx.window:window:1.2.0] AndroidManifest.xml:24:13-54
192            android:required="false" />
192-->[androidx.window:window:1.2.0] AndroidManifest.xml:25:13-37
193        <uses-library
193-->[androidx.window:window:1.2.0] AndroidManifest.xml:26:9-28:40
194            android:name="androidx.window.sidecar"
194-->[androidx.window:window:1.2.0] AndroidManifest.xml:27:13-51
195            android:required="false" />
195-->[androidx.window:window:1.2.0] AndroidManifest.xml:28:13-37
196
197        <activity
197-->[com.google.android.gms:play-services-auth:21.0.0] AndroidManifest.xml:23:9-27:75
198            android:name="com.google.android.gms.auth.api.signin.internal.SignInHubActivity"
198-->[com.google.android.gms:play-services-auth:21.0.0] AndroidManifest.xml:24:13-93
199            android:excludeFromRecents="true"
199-->[com.google.android.gms:play-services-auth:21.0.0] AndroidManifest.xml:25:13-46
200            android:exported="false"
200-->[com.google.android.gms:play-services-auth:21.0.0] AndroidManifest.xml:26:13-37
201            android:theme="@android:style/Theme.Translucent.NoTitleBar" />
201-->[com.google.android.gms:play-services-auth:21.0.0] AndroidManifest.xml:27:13-72
202        <!--
203            Service handling Google Sign-In user revocation. For apps that do not integrate with
204            Google Sign-In, this service will never be started.
205        -->
206        <service
206-->[com.google.android.gms:play-services-auth:21.0.0] AndroidManifest.xml:33:9-37:51
207            android:name="com.google.android.gms.auth.api.signin.RevocationBoundService"
207-->[com.google.android.gms:play-services-auth:21.0.0] AndroidManifest.xml:34:13-89
208            android:exported="true"
208-->[com.google.android.gms:play-services-auth:21.0.0] AndroidManifest.xml:35:13-36
209            android:permission="com.google.android.gms.auth.api.signin.permission.REVOCATION_NOTIFICATION"
209-->[com.google.android.gms:play-services-auth:21.0.0] AndroidManifest.xml:36:13-107
210            android:visibleToInstantApps="true" />
210-->[com.google.android.gms:play-services-auth:21.0.0] AndroidManifest.xml:37:13-48
211
212        <provider
212-->[com.google.firebase:firebase-common:21.0.0] AndroidManifest.xml:23:9-28:39
213            android:name="com.google.firebase.provider.FirebaseInitProvider"
213-->[com.google.firebase:firebase-common:21.0.0] AndroidManifest.xml:24:13-77
214            android:authorities="com.example.cy_app_.firebaseinitprovider"
214-->[com.google.firebase:firebase-common:21.0.0] AndroidManifest.xml:25:13-72
215            android:directBootAware="true"
215-->[com.google.firebase:firebase-common:21.0.0] AndroidManifest.xml:26:13-43
216            android:exported="false"
216-->[com.google.firebase:firebase-common:21.0.0] AndroidManifest.xml:27:13-37
217            android:initOrder="100" />
217-->[com.google.firebase:firebase-common:21.0.0] AndroidManifest.xml:28:13-36
218
219        <activity
219-->[com.google.android.gms:play-services-base:18.1.0] AndroidManifest.xml:20:9-22:45
220            android:name="com.google.android.gms.common.api.GoogleApiActivity"
220-->[com.google.android.gms:play-services-base:18.1.0] AndroidManifest.xml:20:19-85
221            android:exported="false"
221-->[com.google.android.gms:play-services-base:18.1.0] AndroidManifest.xml:22:19-43
222            android:theme="@android:style/Theme.Translucent.NoTitleBar" />
222-->[com.google.android.gms:play-services-base:18.1.0] AndroidManifest.xml:21:19-78
223
224        <meta-data
224-->[com.google.android.gms:play-services-basement:18.4.0] AndroidManifest.xml:6:9-122
225            android:name="com.google.android.gms.version"
225-->[com.google.android.gms:play-services-basement:18.4.0] AndroidManifest.xml:6:20-65
226            android:value="@integer/google_play_services_version" />
226-->[com.google.android.gms:play-services-basement:18.4.0] AndroidManifest.xml:6:66-119
227        <!--
228         The initialization ContentProvider will call FacebookSdk.sdkInitialize automatically
229         with the application context. This config is merged in with the host app's manifest,
230         but there can only be one provider with the same authority activated at any given
231         point; so if the end user has two or more different apps that use Facebook SDK, only the
232         first one will be able to use the provider. To work around this problem, we use the
233         following placeholder in the authority to identify each host application as if it was
234         a completely different provider.
235        -->
236        <provider
236-->[com.facebook.android:facebook-core:17.0.1] AndroidManifest.xml:29:9-32:40
237            android:name="com.facebook.internal.FacebookInitProvider"
237-->[com.facebook.android:facebook-core:17.0.1] AndroidManifest.xml:30:13-70
238            android:authorities="com.example.cy_app_.FacebookInitProvider"
238-->[com.facebook.android:facebook-core:17.0.1] AndroidManifest.xml:31:13-72
239            android:exported="false" />
239-->[com.facebook.android:facebook-core:17.0.1] AndroidManifest.xml:32:13-37
240
241        <receiver
241-->[com.facebook.android:facebook-core:17.0.1] AndroidManifest.xml:34:9-40:20
242            android:name="com.facebook.CurrentAccessTokenExpirationBroadcastReceiver"
242-->[com.facebook.android:facebook-core:17.0.1] AndroidManifest.xml:35:13-86
243            android:exported="false" >
243-->[com.facebook.android:facebook-core:17.0.1] AndroidManifest.xml:36:13-37
244            <intent-filter>
244-->[com.facebook.android:facebook-core:17.0.1] AndroidManifest.xml:37:13-39:29
245                <action android:name="com.facebook.sdk.ACTION_CURRENT_ACCESS_TOKEN_CHANGED" />
245-->[com.facebook.android:facebook-core:17.0.1] AndroidManifest.xml:38:17-95
245-->[com.facebook.android:facebook-core:17.0.1] AndroidManifest.xml:38:25-92
246            </intent-filter>
247        </receiver>
248        <receiver
248-->[com.facebook.android:facebook-core:17.0.1] AndroidManifest.xml:41:9-47:20
249            android:name="com.facebook.AuthenticationTokenManager$CurrentAuthenticationTokenChangedBroadcastReceiver"
249-->[com.facebook.android:facebook-core:17.0.1] AndroidManifest.xml:42:13-118
250            android:exported="false" >
250-->[com.facebook.android:facebook-core:17.0.1] AndroidManifest.xml:43:13-37
251            <intent-filter>
251-->[com.facebook.android:facebook-core:17.0.1] AndroidManifest.xml:44:13-46:29
252                <action android:name="com.facebook.sdk.ACTION_CURRENT_AUTHENTICATION_TOKEN_CHANGED" />
252-->[com.facebook.android:facebook-core:17.0.1] AndroidManifest.xml:45:17-103
252-->[com.facebook.android:facebook-core:17.0.1] AndroidManifest.xml:45:25-100
253            </intent-filter>
254        </receiver>
255
256        <provider
256-->[androidx.lifecycle:lifecycle-process:2.7.0] AndroidManifest.xml:24:9-32:20
257            android:name="androidx.startup.InitializationProvider"
257-->[androidx.lifecycle:lifecycle-process:2.7.0] AndroidManifest.xml:25:13-67
258            android:authorities="com.example.cy_app_.androidx-startup"
258-->[androidx.lifecycle:lifecycle-process:2.7.0] AndroidManifest.xml:26:13-68
259            android:exported="false" >
259-->[androidx.lifecycle:lifecycle-process:2.7.0] AndroidManifest.xml:27:13-37
260            <meta-data
260-->[androidx.lifecycle:lifecycle-process:2.7.0] AndroidManifest.xml:29:13-31:52
261                android:name="androidx.lifecycle.ProcessLifecycleInitializer"
261-->[androidx.lifecycle:lifecycle-process:2.7.0] AndroidManifest.xml:30:17-78
262                android:value="androidx.startup" />
262-->[androidx.lifecycle:lifecycle-process:2.7.0] AndroidManifest.xml:31:17-49
263            <meta-data
263-->[androidx.profileinstaller:profileinstaller:1.3.1] AndroidManifest.xml:29:13-31:52
264                android:name="androidx.profileinstaller.ProfileInstallerInitializer"
264-->[androidx.profileinstaller:profileinstaller:1.3.1] AndroidManifest.xml:30:17-85
265                android:value="androidx.startup" />
265-->[androidx.profileinstaller:profileinstaller:1.3.1] AndroidManifest.xml:31:17-49
266        </provider>
267
268        <receiver
268-->[androidx.profileinstaller:profileinstaller:1.3.1] AndroidManifest.xml:34:9-52:20
269            android:name="androidx.profileinstaller.ProfileInstallReceiver"
269-->[androidx.profileinstaller:profileinstaller:1.3.1] AndroidManifest.xml:35:13-76
270            android:directBootAware="false"
270-->[androidx.profileinstaller:profileinstaller:1.3.1] AndroidManifest.xml:36:13-44
271            android:enabled="true"
271-->[androidx.profileinstaller:profileinstaller:1.3.1] AndroidManifest.xml:37:13-35
272            android:exported="true"
272-->[androidx.profileinstaller:profileinstaller:1.3.1] AndroidManifest.xml:38:13-36
273            android:permission="android.permission.DUMP" >
273-->[androidx.profileinstaller:profileinstaller:1.3.1] AndroidManifest.xml:39:13-57
274            <intent-filter>
274-->[androidx.profileinstaller:profileinstaller:1.3.1] AndroidManifest.xml:40:13-42:29
275                <action android:name="androidx.profileinstaller.action.INSTALL_PROFILE" />
275-->[androidx.profileinstaller:profileinstaller:1.3.1] AndroidManifest.xml:41:17-91
275-->[androidx.profileinstaller:profileinstaller:1.3.1] AndroidManifest.xml:41:25-88
276            </intent-filter>
277            <intent-filter>
277-->[androidx.profileinstaller:profileinstaller:1.3.1] AndroidManifest.xml:43:13-45:29
278                <action android:name="androidx.profileinstaller.action.SKIP_FILE" />
278-->[androidx.profileinstaller:profileinstaller:1.3.1] AndroidManifest.xml:44:17-85
278-->[androidx.profileinstaller:profileinstaller:1.3.1] AndroidManifest.xml:44:25-82
279            </intent-filter>
280            <intent-filter>
280-->[androidx.profileinstaller:profileinstaller:1.3.1] AndroidManifest.xml:46:13-48:29
281                <action android:name="androidx.profileinstaller.action.SAVE_PROFILE" />
281-->[androidx.profileinstaller:profileinstaller:1.3.1] AndroidManifest.xml:47:17-88